2024-12-16 00:01:49,315 [INFO] UtilMem:75 - End SaveConfig() Used Memory: 558893056 Bytes (664797184)
2024-12-16 00:01:53,269 [INFO] UtilMem:75 - End SaveConfig() Used Memory: 331755160 Bytes (664797184)
2024-12-16 00:01:54,883 [INFO] BlockDiagram:2766 - set Specific Code input for plugin: SYS
2024-12-16 00:01:54,891 [INFO] BlockDiagram:2766 - set Specific Code input for plugin: RCC
2024-12-16 00:01:54,893 [INFO] BlockDiagram:2766 - set Specific Code input for plugin: NVIC
2024-12-16 00:01:54,894 [INFO] BlockDiagram:2766 - set Specific Code input for plugin: USART
2024-12-16 00:01:54,894 [INFO] BlockDiagram:2766 - set Specific Code input for plugin: USART
2024-12-16 00:01:54,894 [INFO] BlockDiagram:2766 - set Specific Code input for plugin: GPIO
2024-12-16 00:01:54,895 [INFO] CodeGenerator:896 - code generatio: config db path: /Applications/STM32CubeIDE.app/Contents/Eclipse/plugins/com.st.stm32cube.common.mx_6.13.0.202411220809//db/
2024-12-16 00:01:55,104 [INFO] CodeEngine:255 - oldGeneratedFile, /Users/ebrietas/Desktop/BioConnect/PB/PB/MXTmpFiles/license.tmp_save
2024-12-16 00:01:55,660 [INFO] CodeEngine:279 - Generated code: /Users/ebrietas/Desktop/BioConnect/PB/PB/MXTmpFiles/license.tmp
2024-12-16 00:01:55,840 [INFO] CodeEngine:255 - oldGeneratedFile, /Users/ebrietas/Desktop/BioConnect/PB/PB/MXTmpFiles/gpio.tmp_save
2024-12-16 00:01:56,149 [INFO] CodeEngine:279 - Generated code: /Users/ebrietas/Desktop/BioConnect/PB/PB/MXTmpFiles/gpio.tmp
2024-12-16 00:01:56,455 [INFO] CodeEngine:255 - oldGeneratedFile, /Users/ebrietas/Desktop/BioConnect/PB/PB/Core/Src/stm32l4xx_it.c_save
2024-12-16 00:01:56,659 [INFO] CodeEngine:279 - Generated code: /Users/ebrietas/Desktop/BioConnect/PB/PB/Core/Src/stm32l4xx_it.c
2024-12-16 00:01:56,661 [INFO] CodeEngine:255 - oldGeneratedFile, /Users/ebrietas/Desktop/BioConnect/PB/PB/Core/Inc/stm32l4xx_it.h_save
2024-12-16 00:01:56,738 [INFO] CodeEngine:279 - Generated code: /Users/ebrietas/Desktop/BioConnect/PB/PB/Core/Inc/stm32l4xx_it.h
2024-12-16 00:01:56,750 [INFO] CodeEngine:255 - oldGeneratedFile, /Users/ebrietas/Desktop/BioConnect/PB/PB/Core/Src/stm32l4xx_hal_msp.c_save
2024-12-16 00:01:56,941 [INFO] CodeEngine:279 - Generated code: /Users/ebrietas/Desktop/BioConnect/PB/PB/Core/Src/stm32l4xx_hal_msp.c
2024-12-16 00:01:56,942 [INFO] CodeEngine:255 - oldGeneratedFile, /Users/ebrietas/Desktop/BioConnect/PB/PB/MXTmpFiles/system.tmp_save
2024-12-16 00:01:57,105 [INFO] CodeEngine:279 - Generated code: /Users/ebrietas/Desktop/BioConnect/PB/PB/MXTmpFiles/system.tmp
2024-12-16 00:01:57,118 [INFO] CodeEngine:311 - oldGeneratedFile, /Users/ebrietas/Desktop/BioConnect/PB/PB/Core/Inc/stm32l4xx_hal_conf.h_save
2024-12-16 00:01:57,200 [INFO] CodeEngine:335 - Generated code: /Users/ebrietas/Desktop/BioConnect/PB/PB/Core/Inc/stm32l4xx_hal_conf.h
2024-12-16 00:01:57,319 [INFO] ApiDbMcu:508 - Load IP Config File for USART1
2024-12-16 00:01:57,332 [INFO] ApiDbMcu:508 - Load IP Config File for USART2
2024-12-16 00:01:57,335 [INFO] ApiDbMcu:508 - Load IP Config File for RCC
2024-12-16 00:01:57,346 [INFO] CodeEngine:255 - oldGeneratedFile, /Users/ebrietas/Desktop/BioConnect/PB/PB/Core/Inc/main.h_save
2024-12-16 00:01:57,470 [INFO] CodeEngine:279 - Generated code: /Users/ebrietas/Desktop/BioConnect/PB/PB/Core/Inc/main.h
2024-12-16 00:01:57,473 [INFO] CodeEngine:255 - oldGeneratedFile, /Users/ebrietas/Desktop/BioConnect/PB/PB/Core/Src/main.c_save
2024-12-16 00:01:57,763 [INFO] CodeEngine:279 - Generated code: /Users/ebrietas/Desktop/BioConnect/PB/PB/Core/Src/main.c
2024-12-16 00:01:58,038 [INFO] ProjectBuilder:3289 - Time for Copy HAL[1] : 77mS.
2024-12-16 00:01:58,046 [INFO] ProjectBuilder:4876 - Project Generator version: 4.5.0-RC5
2024-12-16 00:01:58,156 [INFO] ConfigFileManager:1579 - The Die is : DIE415
2024-12-16 00:01:58,170 [INFO] ApiDbMcu:508 - Load IP Config File for FATFS
2024-12-16 00:01:58,177 [INFO] ApiDbMcu:508 - Load IP Config File for FREERTOS
2024-12-16 00:01:58,188 [INFO] ApiDbMcu:508 - Load IP Config File for TOUCHSENSING
2024-12-16 00:01:58,195 [INFO] ApiDbMcu:508 - Load IP Config File for USB_DEVICE
2024-12-16 00:01:58,198 [INFO] ApiDbMcu:508 - Load IP Config File for USB_HOST
2024-12-16 00:02:01,162 [INFO] ProjectBuilder:5154 - Time for Generating toolchain IDE Files: 3115mS.
2024-12-16 00:02:01,164 [INFO] ProjectBuilder:3146 - Time for Copy CMSIS : 1mS.
2024-12-16 00:02:01,165 [INFO] ProjectBuilder:3146 - Time for Copy CMSIS : 0mS.
2024-12-16 00:03:37,313 [INFO] Gpio:277 - dependency for GPIO [USART1, USART2]
