2024-12-16 00:01:58,967 [INFO] LogOutputStream:77 - [STDOUT_REDIRECT] 
2024-12-16 00:07:22,829 [ERROR] LogOutputStream:75 - [STDERR_REDIRECT] 
2024-12-16 16:49:23,109 [INFO] Activator:176 - 


2024-12-16 16:49:23,111 [INFO] Activator:177 - !SESSION log4j initialized
2024-12-16 16:49:26,955 [INFO] LogOutputStream:77 - [STDOUT_REDIRECT] 
2024-12-16 16:49:28,178 [ERROR] LogOutputStream:75 - [STDERR_REDIRECT] 
2024-12-16 16:49:30,703 [INFO] LogOutputStream:77 - [STDOUT_REDIRECT] 
2024-12-16 16:49:31,475 [INFO] ApplicationProperties:184 - Using Application install path: /Applications/STM32CubeIDE.app/Contents/Eclipse/plugins/com.st.stm32cube.common.mx_6.13.0.202411220809
2024-12-16 16:49:31,487 [INFO] DbMcusXml:78 - Set database path to: /Applications/STM32CubeIDE.app/Contents/Eclipse/plugins/com.st.stm32cube.common.mx_6.13.0.202411220809//db//mcu/
2024-12-16 16:49:31,487 [INFO] ApiDb:274 - Set plugin database path to: /Applications/STM32CubeIDE.app/Contents/Eclipse/plugins/com.st.stm32cube.common.mx_6.13.0.202411220809//db//plugins/boardmanager/
2024-12-16 16:49:31,488 [WARN] ApiDb:259 - Overriding images path with different value:  => /Applications/STM32CubeIDE.app/Contents/Eclipse/plugins/com.st.stm32cube.common.mx_6.13.0.202411220809//db//plugins/mcufinder/images/
2024-12-16 16:49:31,493 [INFO] ApiDb:250 - Set database path to: /Users/ebrietas/.stmcufinder/plugins/mcufinder//mcu/
2024-12-16 16:49:31,493 [INFO] DbMcusAds:125 - Set database path to: /Users/ebrietas/.stmcufinder/plugins/mcufinder//mcu/
2024-12-16 16:49:31,494 [INFO] CrossReferenceDbSqlite:203 - Set database path to: /Users/ebrietas/.stmcufinder/plugins/mcufinder//mcu/cs/
2024-12-16 16:49:31,603 [INFO] RulesReader:64 - Compatibility file has been processed (297 Rules)
2024-12-16 16:49:31,673 [INFO] DbMcusXml:78 - Set database path to: /Applications/STM32CubeIDE.app/Contents/Eclipse/plugins/com.st.stm32cube.common.mx_6.13.0.202411220809//db//mcu/
2024-12-16 16:49:31,673 [INFO] ApiDb:274 - Set plugin database path to: /Applications/STM32CubeIDE.app/Contents/Eclipse/plugins/com.st.stm32cube.common.mx_6.13.0.202411220809//db//plugins/boardmanager/
2024-12-16 16:49:31,673 [INFO] ApiDb:261 - Set plugin images path to: /Applications/STM32CubeIDE.app/Contents/Eclipse/plugins/com.st.stm32cube.common.mx_6.13.0.202411220809//db//plugins/mcufinder/images/
2024-12-16 16:49:31,674 [WARN] DbFile:41 - Overriding database path with different value: /Users/ebrietas/.stmcufinder/plugins/mcufinder/ => /Users/ebrietas/.stmcufinder/plugins/mcufinder
2024-12-16 16:49:31,674 [INFO] ApiDb:250 - Set database path to: /Users/ebrietas/.stmcufinder/plugins/mcufinder//mcu/
2024-12-16 16:49:31,674 [WARN] DbFile:41 - Overriding database path with different value: /Users/ebrietas/.stmcufinder/plugins/mcufinder/ => /Users/ebrietas/.stmcufinder/plugins/mcufinder
2024-12-16 16:49:31,674 [INFO] DbMcusAds:125 - Set database path to: /Users/ebrietas/.stmcufinder/plugins/mcufinder//mcu/
2024-12-16 16:49:31,674 [WARN] DbFile:41 - Overriding database path with different value: /Users/ebrietas/.stmcufinder/plugins/mcufinder/ => /Users/ebrietas/.stmcufinder/plugins/mcufinder
2024-12-16 16:49:31,674 [WARN] DbFile:41 - Overriding database path with different value: /Users/ebrietas/.stmcufinder/plugins/mcufinder/ => /Users/ebrietas/.stmcufinder/plugins/mcufinder
2024-12-16 16:49:31,675 [INFO] CrossReferenceDbSqlite:203 - Set database path to: /Users/ebrietas/.stmcufinder/plugins/mcufinder//mcu/cs/
2024-12-16 16:49:31,733 [INFO] MainPanel:272 - HeapMemory: 268435456
2024-12-16 16:49:31,993 [ERROR] LogOutputStream:75 - [STDERR_REDIRECT] [Fatal Error] :2:10: DOCTYPE is disallowed when the feature "http://apache.org/xml/features/disallow-doctype-decl" set to true.
2024-12-16 16:49:32,003 [ERROR] LogOutputStream:75 - [STDERR_REDIRECT] 
2024-12-16 16:49:32,274 [INFO] DbMcusXml:78 - Set database path to: /Applications/STM32CubeIDE.app/Contents/Eclipse/plugins/com.st.stm32cube.common.mx_6.13.0.202411220809//db//mcu/
2024-12-16 16:49:32,274 [INFO] ApiDb:274 - Set plugin database path to: /Applications/STM32CubeIDE.app/Contents/Eclipse/plugins/com.st.stm32cube.common.mx_6.13.0.202411220809//db//plugins/boardmanager/
2024-12-16 16:49:32,274 [INFO] ApiDb:261 - Set plugin images path to: /Applications/STM32CubeIDE.app/Contents/Eclipse/plugins/com.st.stm32cube.common.mx_6.13.0.202411220809//db//plugins/mcufinder/images/
2024-12-16 16:49:32,275 [WARN] DbFile:41 - Overriding database path with different value: /Users/ebrietas/.stmcufinder/plugins/mcufinder/ => /Users/ebrietas/.stmcufinder/plugins/mcufinder
2024-12-16 16:49:32,275 [INFO] ApiDb:250 - Set database path to: /Users/ebrietas/.stmcufinder/plugins/mcufinder//mcu/
2024-12-16 16:49:32,275 [WARN] DbFile:41 - Overriding database path with different value: /Users/ebrietas/.stmcufinder/plugins/mcufinder/ => /Users/ebrietas/.stmcufinder/plugins/mcufinder
2024-12-16 16:49:32,275 [INFO] DbMcusAds:125 - Set database path to: /Users/ebrietas/.stmcufinder/plugins/mcufinder//mcu/
2024-12-16 16:49:32,275 [WARN] DbFile:41 - Overriding database path with different value: /Users/ebrietas/.stmcufinder/plugins/mcufinder/ => /Users/ebrietas/.stmcufinder/plugins/mcufinder
2024-12-16 16:49:32,275 [WARN] DbFile:41 - Overriding database path with different value: /Users/ebrietas/.stmcufinder/plugins/mcufinder/ => /Users/ebrietas/.stmcufinder/plugins/mcufinder
2024-12-16 16:49:32,275 [INFO] CrossReferenceDbSqlite:203 - Set database path to: /Users/ebrietas/.stmcufinder/plugins/mcufinder//mcu/cs/
2024-12-16 16:49:32,296 [INFO] ApplicationProperties:184 - Using Application install path: /Applications/STM32CubeIDE.app/Contents/Eclipse/plugins/com.st.stm32cube.common.mx_6.13.0.202411220809
2024-12-16 16:49:32,297 [INFO] PluginManage:196 - Search for loadable plugins [exclusion list=, ]
2024-12-16 16:49:32,299 [INFO] PluginManage:310 - Check plugin analytics
2024-12-16 16:49:32,479 [INFO] AnalyticsPlugin:253 - Accepted Software Licenses: 
2024-12-16 16:49:32,479 [INFO] AnalyticsPlugin:255 - Accepted CMSIS Pack Licenses: 
2024-12-16 16:49:32,479 [INFO] AnalyticsPlugin:257 - Accepted Firmware Licenses: FW.L4.1.18.0
2024-12-16 16:49:32,484 [INFO] PluginManage:359 - Loaded plugin analytics (category:tool,tabindex:-1)
2024-12-16 16:49:32,486 [INFO] PluginManage:310 - Check plugin cadmodel
2024-12-16 16:49:32,497 [INFO] CADModel:105 - Init CAD model plugin
2024-12-16 16:49:32,497 [INFO] PluginManage:359 - Loaded plugin cadmodel (category:power,tabindex:5)
2024-12-16 16:49:32,498 [INFO] PluginManage:310 - Check plugin clock
2024-12-16 16:49:32,506 [INFO] PluginManage:359 - Loaded plugin clock (category:base,tabindex:2)
2024-12-16 16:49:32,506 [INFO] PluginManage:310 - Check plugin ddr
2024-12-16 16:49:32,508 [INFO] PluginManage:359 - Loaded plugin ddr (category:tool,tabindex:6)
2024-12-16 16:49:32,508 [INFO] PluginManage:310 - Check plugin filemanager
2024-12-16 16:49:32,648 [INFO] PluginManage:359 - Loaded plugin filemanager (category:base,tabindex:10)
2024-12-16 16:49:32,648 [INFO] PluginManage:310 - Check plugin ipmanager
2024-12-16 16:49:32,655 [INFO] PluginManage:359 - Loaded plugin ipmanager (category:base,tabindex:5)
2024-12-16 16:49:32,655 [INFO] PluginManage:310 - Check plugin lpbam
2024-12-16 16:49:32,665 [INFO] PluginManage:359 - Loaded plugin lpbam (category:base,tabindex:0)
2024-12-16 16:49:32,665 [INFO] PluginManage:310 - Check plugin memorymap
2024-12-16 16:49:32,674 [INFO] PluginManage:359 - Loaded plugin memorymap (category:base,tabindex:4)
2024-12-16 16:49:32,674 [INFO] PluginManage:310 - Check plugin pinoutandconfiguration
2024-12-16 16:49:32,680 [INFO] PluginManage:359 - Loaded plugin pinoutandconfiguration (category:base,tabindex:1)
2024-12-16 16:49:32,681 [INFO] PluginManage:310 - Check plugin pinoutconfig
2024-12-16 16:49:32,754 [WARN] SupportedApi:132 - Cannot load RTOS API schema: s4s-elt-must-match.1: The content of 'definitions' must match (annotation?, (simpleType | complexType)?, (unique | key | keyref)*)). A problem was found starting at: attribute.
2024-12-16 16:49:32,891 [INFO] PluginManage:359 - Loaded plugin pinoutconfig (category:base,tabindex:0)
2024-12-16 16:49:32,891 [INFO] PluginManage:310 - Check plugin power
2024-12-16 16:49:32,904 [INFO] PluginManage:359 - Loaded plugin power (category:power,tabindex:4)
2024-12-16 16:49:32,904 [INFO] PluginManage:310 - Check plugin projectmanager
2024-12-16 16:49:32,933 [INFO] PluginManage:359 - Loaded plugin projectmanager (category:projectmanager,tabindex:4)
2024-12-16 16:49:32,933 [INFO] PluginManage:310 - Check plugin rif
2024-12-16 16:49:32,938 [INFO] PluginManage:359 - Loaded plugin rif (category:base,tabindex:3)
2024-12-16 16:49:32,939 [INFO] PluginManage:310 - Check plugin thirdparty
2024-12-16 16:49:33,079 [INFO] PluginManage:359 - Loaded plugin thirdparty (category:base,tabindex:-1)
2024-12-16 16:49:33,079 [INFO] PluginManage:310 - Check plugin tools
2024-12-16 16:49:33,079 [WARN] IntegrityCheckThread:84 - waiting for thirdparty lock release [integrity check]
2024-12-16 16:49:33,081 [INFO] IntegrityCheckThread:86 - entering critical section [integrity check]
2024-12-16 16:49:33,082 [INFO] PluginManage:359 - Loaded plugin tools (category:base,tabindex:7)
2024-12-16 16:49:33,082 [INFO] PluginManage:310 - Check plugin tutovideos
2024-12-16 16:49:33,082 [INFO] ThirdPartyUpdaterWithRetryManager:70 - Updater plugin not ready yet. [1/15]
2024-12-16 16:49:33,220 [INFO] PluginManage:359 - Loaded plugin tutovideos (category:base,tabindex:-1)
2024-12-16 16:49:33,220 [INFO] PluginManage:310 - Check plugin updater
2024-12-16 16:49:33,244 [INFO] PluginManage:359 - Loaded plugin updater (category:base,tabindex:12)
2024-12-16 16:49:33,244 [INFO] PluginManage:310 - Check plugin userauth
2024-12-16 16:49:33,250 [INFO] UserAuth:118 - Init User Auth plugin
2024-12-16 16:49:33,251 [INFO] PluginManage:359 - Loaded plugin userauth (category:base,tabindex:14)
2024-12-16 16:49:33,252 [INFO] PluginManage:283 - PluginManage : Loaded plugins [18]
2024-12-16 16:49:33,473 [INFO] PinOutPanel:1589 - setPackage(No Configuration,No Configuration)
2024-12-16 16:49:33,536 [INFO] CADModel:165 - CPN selected for project level
2024-12-16 16:49:33,536 [INFO] CADModel:114 - Register for checkConnection events
2024-12-16 16:49:33,546 [INFO] IPUIPlugin:80 - create IPUIPlugin
2024-12-16 16:49:33,546 [INFO] PluginManager:220 - loadIPPluginJar : add mdma
2024-12-16 16:49:33,551 [INFO] IPUIPlugin:80 - create IPUIPlugin
2024-12-16 16:49:33,551 [INFO] PluginManager:220 - loadIPPluginJar : add freertos
2024-12-16 16:49:33,554 [INFO] IPUIPlugin:80 - create IPUIPlugin
2024-12-16 16:49:33,554 [INFO] PluginManager:220 - loadIPPluginJar : add gic
2024-12-16 16:49:33,560 [INFO] IPUIPlugin:80 - create IPUIPlugin
2024-12-16 16:49:33,560 [INFO] PluginManager:220 - loadIPPluginJar : add adc
2024-12-16 16:49:33,561 [INFO] IPUIPlugin:80 - create IPUIPlugin
2024-12-16 16:49:33,561 [INFO] PluginManager:220 - loadIPPluginJar : add gtzc
2024-12-16 16:49:33,562 [INFO] IPUIPlugin:80 - create IPUIPlugin
2024-12-16 16:49:33,562 [INFO] PluginManager:220 - loadIPPluginJar : add quadspi
2024-12-16 16:49:33,563 [INFO] IPUIPlugin:80 - create IPUIPlugin
2024-12-16 16:49:33,563 [INFO] PluginManager:220 - loadIPPluginJar : add aes
2024-12-16 16:49:33,565 [INFO] IPUIPlugin:80 - create IPUIPlugin
2024-12-16 16:49:33,565 [INFO] PluginManager:220 - loadIPPluginJar : add pdm2pcm
2024-12-16 16:49:33,566 [INFO] IPUIPlugin:80 - create IPUIPlugin
2024-12-16 16:49:33,566 [INFO] PluginManager:220 - loadIPPluginJar : add hash
2024-12-16 16:49:33,566 [INFO] IPUIPlugin:80 - create IPUIPlugin
2024-12-16 16:49:33,566 [INFO] PluginManager:220 - loadIPPluginJar : add tim
2024-12-16 16:49:33,567 [INFO] IPUIPlugin:80 - create IPUIPlugin
2024-12-16 16:49:33,567 [INFO] PluginManager:220 - loadIPPluginJar : add tsc
2024-12-16 16:49:33,569 [INFO] IPUIPlugin:80 - create IPUIPlugin
2024-12-16 16:49:33,569 [INFO] PluginManager:220 - loadIPPluginJar : add extmemmanager
2024-12-16 16:49:33,570 [INFO] IPUIPlugin:80 - create IPUIPlugin
2024-12-16 16:49:33,570 [INFO] PluginManager:220 - loadIPPluginJar : add ts
2024-12-16 16:49:33,571 [INFO] IPUIPlugin:80 - create IPUIPlugin
2024-12-16 16:49:33,572 [INFO] PluginManager:220 - loadIPPluginJar : add radio
2024-12-16 16:49:33,573 [INFO] IPUIPlugin:80 - create IPUIPlugin
2024-12-16 16:49:33,573 [INFO] PluginManager:220 - loadIPPluginJar : add can
2024-12-16 16:49:33,574 [INFO] IPUIPlugin:80 - create IPUIPlugin
2024-12-16 16:49:33,574 [INFO] PluginManager:220 - loadIPPluginJar : add dma3
2024-12-16 16:49:33,575 [INFO] IPUIPlugin:80 - create IPUIPlugin
2024-12-16 16:49:33,575 [INFO] PluginManager:220 - loadIPPluginJar : add dfsdm
2024-12-16 16:49:33,577 [INFO] IPUIPlugin:80 - create IPUIPlugin
2024-12-16 16:49:33,577 [INFO] PluginManager:220 - loadIPPluginJar : add spi
2024-12-16 16:49:33,578 [INFO] IPUIPlugin:80 - create IPUIPlugin
2024-12-16 16:49:33,579 [INFO] PluginManager:220 - loadIPPluginJar : add gfxmmu
2024-12-16 16:49:33,580 [INFO] IPUIPlugin:80 - create IPUIPlugin
2024-12-16 16:49:33,580 [INFO] PluginManager:220 - loadIPPluginJar : add genericplugin
2024-12-16 16:49:33,581 [INFO] IPUIPlugin:80 - create IPUIPlugin
2024-12-16 16:49:33,581 [INFO] PluginManager:220 - loadIPPluginJar : add cryp
2024-12-16 16:49:33,582 [INFO] IPUIPlugin:80 - create IPUIPlugin
2024-12-16 16:49:33,583 [INFO] PluginManager:220 - loadIPPluginJar : add gpio
2024-12-16 16:49:33,584 [INFO] IPUIPlugin:80 - create IPUIPlugin
2024-12-16 16:49:33,584 [INFO] PluginManager:220 - loadIPPluginJar : add ddr_ctrl_phy
2024-12-16 16:49:33,585 [INFO] IPUIPlugin:80 - create IPUIPlugin
2024-12-16 16:49:33,585 [INFO] PluginManager:220 - loadIPPluginJar : add comp
2024-12-16 16:49:33,587 [INFO] IPUIPlugin:80 - create IPUIPlugin
2024-12-16 16:49:33,588 [INFO] PluginManager:220 - loadIPPluginJar : add tracer_emb
2024-12-16 16:49:33,589 [INFO] IPUIPlugin:80 - create IPUIPlugin
2024-12-16 16:49:33,589 [INFO] PluginManager:220 - loadIPPluginJar : add openamp
2024-12-16 16:49:33,592 [INFO] IPUIPlugin:80 - create IPUIPlugin
2024-12-16 16:49:33,592 [INFO] PluginManager:220 - loadIPPluginJar : add stm32_wpan
2024-12-16 16:49:33,595 [INFO] IPUIPlugin:80 - create IPUIPlugin
2024-12-16 16:49:33,596 [INFO] PluginManager:220 - loadIPPluginJar : add plateformsettings
2024-12-16 16:49:33,598 [INFO] IPUIPlugin:80 - create IPUIPlugin
2024-12-16 16:49:33,598 [INFO] PluginManager:220 - loadIPPluginJar : add ipddr
2024-12-16 16:49:33,601 [INFO] IPUIPlugin:80 - create IPUIPlugin
2024-12-16 16:49:33,601 [INFO] PluginManager:220 - loadIPPluginJar : add usart
2024-12-16 16:49:33,602 [INFO] IPUIPlugin:80 - create IPUIPlugin
2024-12-16 16:49:33,602 [INFO] PluginManager:220 - loadIPPluginJar : add ltdc
2024-12-16 16:49:33,604 [INFO] IPUIPlugin:80 - create IPUIPlugin
2024-12-16 16:49:33,604 [INFO] PluginManager:220 - loadIPPluginJar : add nvic
2024-12-16 16:49:33,605 [INFO] IPUIPlugin:80 - create IPUIPlugin
2024-12-16 16:49:33,605 [INFO] PluginManager:220 - loadIPPluginJar : add fatfs
2024-12-16 16:49:33,609 [INFO] IPUIPlugin:80 - create IPUIPlugin
2024-12-16 16:49:33,609 [INFO] PluginManager:220 - loadIPPluginJar : add linkedlist
2024-12-16 16:49:33,612 [INFO] IPUIPlugin:80 - create IPUIPlugin
2024-12-16 16:49:33,612 [INFO] PluginManager:220 - loadIPPluginJar : add dma
2024-12-16 16:49:33,614 [INFO] IPUIPlugin:80 - create IPUIPlugin
2024-12-16 16:49:33,614 [INFO] PluginManager:220 - loadIPPluginJar : add fmc
2024-12-16 16:49:33,615 [INFO] IPUIPlugin:80 - create IPUIPlugin
2024-12-16 16:49:33,615 [INFO] PluginManager:220 - loadIPPluginJar : add i2s
2024-12-16 16:49:33,616 [INFO] IPUIPlugin:80 - create IPUIPlugin
2024-12-16 16:49:33,616 [INFO] PluginManager:220 - loadIPPluginJar : add ucpd
2024-12-16 16:49:33,617 [INFO] IPUIPlugin:80 - create IPUIPlugin
2024-12-16 16:49:33,618 [INFO] PluginManager:220 - loadIPPluginJar : add lorawan
2024-12-16 16:49:33,620 [INFO] IPUIPlugin:80 - create IPUIPlugin
2024-12-16 16:49:33,620 [INFO] PluginManager:220 - loadIPPluginJar : add opamp
2024-12-16 16:49:33,621 [INFO] IPUIPlugin:80 - create IPUIPlugin
2024-12-16 16:49:33,621 [INFO] PluginManager:220 - loadIPPluginJar : add i3c
2024-12-16 16:49:33,623 [INFO] IPUIPlugin:80 - create IPUIPlugin
2024-12-16 16:49:33,623 [INFO] PluginManager:220 - loadIPPluginJar : add touchsensing
2024-12-16 16:49:33,624 [INFO] IPUIPlugin:80 - create IPUIPlugin
2024-12-16 16:49:33,624 [INFO] PluginManager:220 - loadIPPluginJar : add i2c
2024-12-16 16:49:33,626 [INFO] IPUIPlugin:80 - create IPUIPlugin
2024-12-16 16:49:33,626 [INFO] PluginManager:220 - loadIPPluginJar : add resmgrutility
2024-12-16 16:49:33,627 [INFO] IPUIPlugin:80 - create IPUIPlugin
2024-12-16 16:49:33,627 [INFO] PluginManager:220 - loadIPPluginJar : add sai
2024-12-16 16:49:33,628 [INFO] IPUIPlugin:80 - create IPUIPlugin
2024-12-16 16:49:33,628 [INFO] PluginManager:220 - loadIPPluginJar : add usbx
2024-12-16 16:49:33,733 [FATAL] Updater:351 - Updater called before beeing initialized
2024-12-16 16:49:33,777 [INFO] RulesReader:64 - Compatibility file has been processed (297 Rules)
2024-12-16 16:49:33,787 [INFO] RulesReader:64 - Compatibility file has been processed (297 Rules)
2024-12-16 16:49:33,800 [INFO] CADModel:165 - CPN selected for project level
2024-12-16 16:49:33,800 [INFO] CADModel:114 - Register for checkConnection events
2024-12-16 16:49:33,800 [FATAL] Updater:351 - Updater called before beeing initialized
2024-12-16 16:49:33,800 [ERROR] CADModel:125 - Updater not yet initialized, retry later 
2024-12-16 16:49:34,204 [FATAL] Updater:351 - Updater called before beeing initialized
2024-12-16 16:49:34,214 [INFO] CADModel:165 - CPN selected for project level
2024-12-16 16:49:34,215 [INFO] CADModel:114 - Register for checkConnection events
2024-12-16 16:49:34,215 [FATAL] Updater:351 - Updater called before beeing initialized
2024-12-16 16:49:34,215 [ERROR] CADModel:125 - Updater not yet initialized, retry later 
2024-12-16 16:49:34,220 [FATAL] Updater:351 - Updater called before beeing initialized
2024-12-16 16:49:34,446 [FATAL] Updater:351 - Updater called before beeing initialized
2024-12-16 16:49:34,456 [INFO] DbMcusAds:53 - JSON generation date=Fri Sep 20 15:04:23 CEST 2024 (1726837463113)
2024-12-16 16:49:34,457 [FATAL] Updater:351 - Updater called before beeing initialized
2024-12-16 16:49:34,514 [WARN] DetailPanel:346 - Failed to get advertising image, set to default
2024-12-16 16:49:34,726 [FATAL] Updater:351 - Updater called before beeing initialized
2024-12-16 16:49:34,729 [FATAL] Updater:351 - Updater called before beeing initialized
2024-12-16 16:49:34,729 [FATAL] Updater:351 - Updater called before beeing initialized
2024-12-16 16:49:34,729 [WARN] DetailPanel:346 - Failed to get advertising image, set to default
2024-12-16 16:49:34,730 [FATAL] Updater:351 - Updater called before beeing initialized
2024-12-16 16:49:34,843 [ERROR] Updater:1198 - MainUpdater not yet initialized. External WinMGr cannot be set.
2024-12-16 16:49:34,854 [INFO] Updater:1134 - Updater Version found : 6.13.0
2024-12-16 16:49:34,868 [INFO] ApplicationProperties:184 - Using Application install path: /Applications/STM32CubeIDE.app/Contents/Eclipse/plugins/com.st.stm32cube.common.mx_6.13.0.202411220809
2024-12-16 16:49:35,214 [INFO] MainUpdater:2872 - connection check result : 10
2024-12-16 16:49:35,216 [INFO] MainUpdater:289 - Updater Check For Update Now.
2024-12-16 16:49:35,216 [INFO] MicroXplorer:498 - Change Database Version : DB.6.0.130
2024-12-16 16:49:35,229 [INFO] McuFinderGlobals:63 - Set McuFinder mode to 2 (CubeIDE integrated)
2024-12-16 16:49:35,232 [INFO] UserAuth:486 - Internet connection configuration mode: 1
2024-12-16 16:49:35,251 [INFO] JxBrowserEngine:152 - Initiate JxBrowser Engine with user profile folder
2024-12-16 16:49:35,517 [INFO] CheckServerUpdateThread:120 - End of CheckServer Thread
2024-12-16 16:49:36,224 [WARN] PackLoader:240 - Cannot read IP mode file for STMicroelectronics.FP-SNS-MOTENVWB1.1.4.0
2024-12-16 16:49:36,245 [WARN] PackLoader:240 - Cannot read IP mode file for STMicroelectronics.FP-ATR-ASTRA1.2.0.1
2024-12-16 16:49:36,260 [WARN] PackLoader:240 - Cannot read IP mode file for STMicroelectronics.X-CUBE-SMBUS.2.1.0
2024-12-16 16:49:36,270 [WARN] PackLoader:240 - Cannot read IP mode file for STMicroelectronics.X-CUBE-WB05N.1.1.0
2024-12-16 16:49:36,334 [WARN] PackLoader:240 - Cannot read IP mode file for STMicroelectronics.X-CUBE-AZRTOS-F7.1.1.0
2024-12-16 16:49:36,366 [WARN] PackLoader:240 - Cannot read IP mode file for STMicroelectronics.FP-SNS-FLIGHT1.5.0.2
2024-12-16 16:49:36,418 [WARN] PackLoader:240 - Cannot read IP mode file for Infineon.AIROC-Wi-Fi-Bluetooth-STM32.1.7.0
2024-12-16 16:49:36,454 [WARN] PackLoader:240 - Cannot read IP mode file for STMicroelectronics.X-CUBE-DISPLAY.3.0.0
2024-12-16 16:49:36,480 [WARN] PackLoader:240 - Cannot read IP mode file for STMicroelectronics.X-CUBE-BLE1.7.0.0
2024-12-16 16:49:36,506 [WARN] PackLoader:240 - Cannot read IP mode file for STMicroelectronics.X-CUBE-BLEMGR.4.0.0
2024-12-16 16:49:36,525 [WARN] PackLoader:240 - Cannot read IP mode file for emotas.I-CUBE-CANOPEN.1.3.0
2024-12-16 16:49:36,554 [WARN] PackLoader:240 - Cannot read IP mode file for STMicroelectronics.X-CUBE-BLEMGR.3.1.0
2024-12-16 16:49:36,569 [WARN] PackLoader:240 - Cannot read IP mode file for STMicroelectronics.FP-SNS-SMARTAG2.1.2.0
2024-12-16 16:49:36,585 [INFO] LogOutputStream:77 - [STDOUT_REDIRECT] 1 : Invalid condition id : UX_CORESTACK_Condition cause : null
2024-12-16 16:49:36,586 [INFO] LogOutputStream:77 - [STDOUT_REDIRECT] 1 : Invalid condition id : UX_CORESTACK_Condition cause : null
2024-12-16 16:49:36,587 [INFO] LogOutputStream:77 - [STDOUT_REDIRECT] 1 : Invalid condition id : UX_CORESTACK_Condition cause : null
2024-12-16 16:49:36,588 [INFO] LogOutputStream:77 - [STDOUT_REDIRECT] 1 : Invalid condition id : UX_CORESTACK_Condition cause : null
2024-12-16 16:49:36,589 [INFO] LogOutputStream:77 - [STDOUT_REDIRECT] 1 : Invalid condition id : UX_CORESTACK_Condition cause : null
2024-12-16 16:49:36,594 [WARN] PackLoader:240 - Cannot read IP mode file for STMicroelectronics.X-CUBE-AZRTOS-WL.2.0.0
2024-12-16 16:49:36,600 [WARN] PackLoader:240 - Cannot read IP mode file for STMicroelectronics.FP-SNS-MOTENV1.5.0.0
2024-12-16 16:49:36,603 [WARN] PackLoader:240 - Cannot read IP mode file for wolfSSL.I-CUBE-wolfMQTT.1.19.0
2024-12-16 16:49:36,610 [WARN] PackLoader:240 - Cannot read IP mode file for WES.I-CUBE-Cesium.1.3.0
2024-12-16 16:49:36,617 [WARN] PackLoader:240 - Cannot read IP mode file for STMicroelectronics.X-CUBE-BLE2.3.3.0
2024-12-16 16:49:36,622 [WARN] PackLoader:240 - Cannot read IP mode file for STMicroelectronics.X-CUBE-TCPP.4.1.0
2024-12-16 16:49:36,651 [WARN] PackLoader:240 - Cannot read IP mode file for STMicroelectronics.X-CUBE-AZRTOS-G0.1.1.0
2024-12-16 16:49:36,667 [WARN] PackLoader:240 - Cannot read IP mode file for STMicroelectronics.X-CUBE-SAFEA1.1.2.2
2024-12-16 16:49:36,678 [WARN] PackLoader:240 - Cannot read IP mode file for STMicroelectronics.X-CUBE-NFC4.3.0.0
2024-12-16 16:49:36,700 [WARN] PackLoader:240 - Cannot read IP mode file for EmbeddedOffice.I-CUBE-FS-RTOS.1.0.1
2024-12-16 16:49:36,706 [WARN] PackLoader:240 - Cannot read IP mode file for STMicroelectronics.X-CUBE-TCPP.4.2.0
2024-12-16 16:49:36,712 [WARN] PackLoader:240 - Cannot read IP mode file for RealThread.X-CUBE-RT-Thread_Nano.4.1.1
2024-12-16 16:49:36,718 [WARN] PackLoader:240 - Cannot read IP mode file for STMicroelectronics.FP-ATR-SIGFOX1.3.2.0
2024-12-16 16:49:36,722 [WARN] ConditionMgr:438 - getConditionDescription Invalid condition id : Cortex-A Device cause : null
2024-12-16 16:49:36,736 [WARN] ConditionMgr:1044 - genDependencies : Invalid condition id : Cortex-A Device cause : null
2024-12-16 16:49:36,736 [WARN] ConditionMgr:1044 - genDependencies : Invalid condition id : Cortex-A Device cause : null
2024-12-16 16:49:36,736 [WARN] ConditionMgr:1044 - genDependencies : Invalid condition id : Cortex-A Device cause : null
2024-12-16 16:49:36,742 [WARN] PackLoader:240 - Cannot read IP mode file for STMicroelectronics.X-CUBE-EEPRMA1.5.1.0
2024-12-16 16:49:36,748 [WARN] PackLoader:240 - Cannot read IP mode file for wolfSSL.I-CUBE-wolfSSL.5.7.4
2024-12-16 16:49:36,753 [WARN] PackLoader:240 - Cannot read IP mode file for ITTIA_DB.I-CUBE-ITTIADB.8.9.0
2024-12-16 16:49:36,812 [WARN] PackLoader:240 - Cannot read IP mode file for SEGGER.I-CUBE-embOS.1.3.1
2024-12-16 16:49:36,870 [WARN] PackLoader:240 - Cannot read IP mode file for STMicroelectronics.X-CUBE-ALGOBUILD.1.4.0
2024-12-16 16:49:36,897 [WARN] PackLoader:240 - Cannot read IP mode file for STMicroelectronics.X-CUBE-AZRTOS-F4.1.1.0
2024-12-16 16:49:36,908 [WARN] PackLoader:240 - Cannot read IP mode file for STMicroelectronics.X-CUBE-FREERTOS.1.2.0
2024-12-16 16:49:36,934 [WARN] PackLoader:240 - Cannot read IP mode file for STMicroelectronics.X-CUBE-AZRTOS-L5.2.0.0
2024-12-16 16:49:36,950 [WARN] PackLoader:240 - Cannot read IP mode file for STMicroelectronics.X-CUBE-NFC6.3.1.0
2024-12-16 16:49:36,963 [WARN] PackLoader:240 - Cannot read IP mode file for STMicroelectronics.X-CUBE-FREERTOS.1.3.0
2024-12-16 16:49:36,969 [WARN] PackLoader:240 - Cannot read IP mode file for STMicroelectronics.X-CUBE-NFC7.1.0.1
2024-12-16 16:49:37,009 [WARN] ConditionMgr:438 - getConditionDescription Invalid condition id : LAN8742 Phy interface Condition cause : null
2024-12-16 16:49:37,010 [WARN] PackLoader:240 - Cannot read IP mode file for STMicroelectronics.X-CUBE-AZRTOS-L4.2.0.0
2024-12-16 16:49:37,013 [WARN] ConditionMgr:1044 - genDependencies : Invalid condition id : LAN8742 Phy interface Condition cause : null
2024-12-16 16:49:37,013 [WARN] ConditionMgr:1044 - genDependencies : Invalid condition id : LAN8742 Phy interface Condition cause : null
2024-12-16 16:49:37,014 [WARN] ConditionMgr:1044 - genDependencies : Invalid condition id : LAN8742 Phy interface Condition cause : null
2024-12-16 16:49:37,025 [WARN] PackLoader:240 - Cannot read IP mode file for STMicroelectronics.X-CUBE-SFXS2LP1.4.0.0
2024-12-16 16:49:37,055 [WARN] PackLoader:240 - Cannot read IP mode file for STMicroelectronics.X-CUBE-AZRTOS-H7.3.3.0
2024-12-16 16:49:37,070 [WARN] ConditionMgr:438 - getConditionDescription Invalid condition id : UX DEVICE CLASS RTOS Condition cause : null
2024-12-16 16:49:37,070 [WARN] ConditionMgr:438 - getConditionDescription Invalid condition id : UX DEVICE CLASS RTOS Condition cause : null
2024-12-16 16:49:37,075 [WARN] PackLoader:240 - Cannot read IP mode file for STMicroelectronics.X-CUBE-AZRTOS-WB.2.0.0
2024-12-16 16:49:37,076 [WARN] ConditionMgr:1044 - genDependencies : Invalid condition id : UX DEVICE CLASS RTOS Condition cause : null
2024-12-16 16:49:37,077 [WARN] ConditionMgr:1044 - genDependencies : Invalid condition id : UX DEVICE CLASS RTOS Condition cause : null
2024-12-16 16:49:37,079 [WARN] ConditionMgr:1044 - genDependencies : Invalid condition id : UX DEVICE CLASS RTOS Condition cause : null
2024-12-16 16:49:37,079 [WARN] ConditionMgr:1044 - genDependencies : Invalid condition id : UX DEVICE CLASS RTOS Condition cause : null
2024-12-16 16:49:37,079 [WARN] ConditionMgr:1044 - genDependencies : Invalid condition id : UX DEVICE CLASS RTOS Condition cause : null
2024-12-16 16:49:37,094 [WARN] PackLoader:240 - Cannot read IP mode file for STMicroelectronics.X-CUBE-SUBG2.5.0.0
2024-12-16 16:49:37,104 [WARN] PackLoader:240 - Cannot read IP mode file for Cesanta.I-CUBE-Mongoose.7.13.0
2024-12-16 16:49:37,117 [WARN] PackLoader:240 - Cannot read IP mode file for STMicroelectronics.X-CUBE-AZRTOS-G4.2.0.0
2024-12-16 16:49:37,122 [WARN] PackLoader:240 - Cannot read IP mode file for STMicroelectronics.X-CUBE-ALS.1.0.2
2024-12-16 16:49:37,124 [WARN] PackLoader:240 - Cannot read IP mode file for wolfSSL.I-CUBE-wolfTPM.3.4.0
2024-12-16 16:49:37,127 [WARN] PackLoader:240 - Cannot read IP mode file for portGmbH.I-Cube-SoM-uGOAL.1.1.0
2024-12-16 16:49:37,148 [WARN] PackLoader:240 - Cannot read IP mode file for STMicroelectronics.X-CUBE-AZRTOS-H7RS.1.0.0
2024-12-16 16:49:37,158 [WARN] PackLoader:240 - Cannot read IP mode file for STMicroelectronics.FP-ATR-ASTRA1.2.0.0
2024-12-16 16:49:37,161 [WARN] PackLoader:240 - Cannot read IP mode file for wolfSSL.I-CUBE-wolfSSH.1.4.17
2024-12-16 16:49:37,162 [INFO] ThirdParty:978 - Integrity check success = true
2024-12-16 16:49:37,162 [INFO] IntegrityCheckThread:100 - exiting critical section [integrity check]
2024-12-16 16:49:37,162 [INFO] IntegrityCheckThread:103 - End integrity checks thread
2024-12-16 16:49:40,250 [INFO] WebApp:168 - Instantiating new browser for Auth
2024-12-16 16:49:42,015 [INFO] WebApp:449 - Apply proxy settings
2024-12-16 16:49:42,030 [INFO] WebApp:494 - Chromium authenticates against Manually configured proxy
2024-12-16 16:49:42,058 [INFO] WebApp:502 - Username used for proxy authentication: 
2024-12-16 16:49:42,132 [INFO] WebApp:880 - Register for checkConnection events
2024-12-16 16:49:42,148 [INFO] WebApp:449 - Apply proxy settings
2024-12-16 16:49:42,150 [INFO] WebApp:494 - Chromium authenticates against Manually configured proxy
2024-12-16 16:49:42,167 [INFO] WebApp:502 - Username used for proxy authentication: 
2024-12-16 16:49:42,322 [INFO] WebApp:221 - Starting web application
2024-12-16 16:49:42,349 [INFO] WebApp:579 - Web application path used /Applications/STM32CubeIDE.app/Contents/Eclipse/plugins/com.st.stm32cube.common.mx_6.13.0.202411220809/db/plugins/mcufinder/reactClient1/index.html
2024-12-16 16:49:42,719 [INFO] WebApp:187 - Connection restablished
2024-12-16 16:49:42,987 [INFO] UserAuth:486 - Internet connection configuration mode: 1
2024-12-16 17:32:39,145 [INFO] Activator:176 - 


2024-12-16 17:32:39,147 [INFO] Activator:177 - !SESSION log4j initialized
2024-12-16 17:32:43,104 [INFO] LogOutputStream:77 - [STDOUT_REDIRECT] 
2024-12-16 17:32:44,538 [ERROR] LogOutputStream:75 - [STDERR_REDIRECT] 
2024-12-16 17:32:47,159 [INFO] LogOutputStream:77 - [STDOUT_REDIRECT] 
2024-12-16 17:32:47,911 [INFO] ApplicationProperties:184 - Using Application install path: /Applications/STM32CubeIDE.app/Contents/Eclipse/plugins/com.st.stm32cube.common.mx_6.13.0.202411220809
2024-12-16 17:32:47,924 [INFO] DbMcusXml:78 - Set database path to: /Applications/STM32CubeIDE.app/Contents/Eclipse/plugins/com.st.stm32cube.common.mx_6.13.0.202411220809//db//mcu/
2024-12-16 17:32:47,924 [INFO] ApiDb:274 - Set plugin database path to: /Applications/STM32CubeIDE.app/Contents/Eclipse/plugins/com.st.stm32cube.common.mx_6.13.0.202411220809//db//plugins/boardmanager/
2024-12-16 17:32:47,924 [WARN] ApiDb:259 - Overriding images path with different value:  => /Applications/STM32CubeIDE.app/Contents/Eclipse/plugins/com.st.stm32cube.common.mx_6.13.0.202411220809//db//plugins/mcufinder/images/
2024-12-16 17:32:47,929 [INFO] ApiDb:250 - Set database path to: /Users/ebrietas/.stmcufinder/plugins/mcufinder//mcu/
2024-12-16 17:32:47,930 [INFO] DbMcusAds:125 - Set database path to: /Users/ebrietas/.stmcufinder/plugins/mcufinder//mcu/
2024-12-16 17:32:47,932 [INFO] CrossReferenceDbSqlite:203 - Set database path to: /Users/ebrietas/.stmcufinder/plugins/mcufinder//mcu/cs/
2024-12-16 17:32:48,084 [INFO] RulesReader:64 - Compatibility file has been processed (297 Rules)
2024-12-16 17:32:48,199 [INFO] DbMcusXml:78 - Set database path to: /Applications/STM32CubeIDE.app/Contents/Eclipse/plugins/com.st.stm32cube.common.mx_6.13.0.202411220809//db//mcu/
2024-12-16 17:32:48,199 [INFO] ApiDb:274 - Set plugin database path to: /Applications/STM32CubeIDE.app/Contents/Eclipse/plugins/com.st.stm32cube.common.mx_6.13.0.202411220809//db//plugins/boardmanager/
2024-12-16 17:32:48,200 [INFO] ApiDb:261 - Set plugin images path to: /Applications/STM32CubeIDE.app/Contents/Eclipse/plugins/com.st.stm32cube.common.mx_6.13.0.202411220809//db//plugins/mcufinder/images/
2024-12-16 17:32:48,200 [WARN] DbFile:41 - Overriding database path with different value: /Users/ebrietas/.stmcufinder/plugins/mcufinder/ => /Users/ebrietas/.stmcufinder/plugins/mcufinder
2024-12-16 17:32:48,200 [INFO] ApiDb:250 - Set database path to: /Users/ebrietas/.stmcufinder/plugins/mcufinder//mcu/
2024-12-16 17:32:48,201 [WARN] DbFile:41 - Overriding database path with different value: /Users/ebrietas/.stmcufinder/plugins/mcufinder/ => /Users/ebrietas/.stmcufinder/plugins/mcufinder
2024-12-16 17:32:48,201 [INFO] DbMcusAds:125 - Set database path to: /Users/ebrietas/.stmcufinder/plugins/mcufinder//mcu/
2024-12-16 17:32:48,201 [WARN] DbFile:41 - Overriding database path with different value: /Users/ebrietas/.stmcufinder/plugins/mcufinder/ => /Users/ebrietas/.stmcufinder/plugins/mcufinder
2024-12-16 17:32:48,201 [WARN] DbFile:41 - Overriding database path with different value: /Users/ebrietas/.stmcufinder/plugins/mcufinder/ => /Users/ebrietas/.stmcufinder/plugins/mcufinder
2024-12-16 17:32:48,201 [INFO] CrossReferenceDbSqlite:203 - Set database path to: /Users/ebrietas/.stmcufinder/plugins/mcufinder//mcu/cs/
2024-12-16 17:32:48,266 [INFO] MainPanel:272 - HeapMemory: 295698432
2024-12-16 17:32:48,322 [ERROR] LogOutputStream:75 - [STDERR_REDIRECT] [Fatal Error] :2:10: DOCTYPE is disallowed when the feature "http://apache.org/xml/features/disallow-doctype-decl" set to true.
2024-12-16 17:32:48,345 [ERROR] LogOutputStream:75 - [STDERR_REDIRECT] 
2024-12-16 17:32:48,748 [INFO] DbMcusXml:78 - Set database path to: /Applications/STM32CubeIDE.app/Contents/Eclipse/plugins/com.st.stm32cube.common.mx_6.13.0.202411220809//db//mcu/
2024-12-16 17:32:48,748 [INFO] ApiDb:274 - Set plugin database path to: /Applications/STM32CubeIDE.app/Contents/Eclipse/plugins/com.st.stm32cube.common.mx_6.13.0.202411220809//db//plugins/boardmanager/
2024-12-16 17:32:48,748 [INFO] ApiDb:261 - Set plugin images path to: /Applications/STM32CubeIDE.app/Contents/Eclipse/plugins/com.st.stm32cube.common.mx_6.13.0.202411220809//db//plugins/mcufinder/images/
2024-12-16 17:32:48,749 [WARN] DbFile:41 - Overriding database path with different value: /Users/ebrietas/.stmcufinder/plugins/mcufinder/ => /Users/ebrietas/.stmcufinder/plugins/mcufinder
2024-12-16 17:32:48,749 [INFO] ApiDb:250 - Set database path to: /Users/ebrietas/.stmcufinder/plugins/mcufinder//mcu/
2024-12-16 17:32:48,749 [WARN] DbFile:41 - Overriding database path with different value: /Users/ebrietas/.stmcufinder/plugins/mcufinder/ => /Users/ebrietas/.stmcufinder/plugins/mcufinder
2024-12-16 17:32:48,749 [INFO] DbMcusAds:125 - Set database path to: /Users/ebrietas/.stmcufinder/plugins/mcufinder//mcu/
2024-12-16 17:32:48,749 [WARN] DbFile:41 - Overriding database path with different value: /Users/ebrietas/.stmcufinder/plugins/mcufinder/ => /Users/ebrietas/.stmcufinder/plugins/mcufinder
2024-12-16 17:32:48,749 [WARN] DbFile:41 - Overriding database path with different value: /Users/ebrietas/.stmcufinder/plugins/mcufinder/ => /Users/ebrietas/.stmcufinder/plugins/mcufinder
2024-12-16 17:32:48,749 [INFO] CrossReferenceDbSqlite:203 - Set database path to: /Users/ebrietas/.stmcufinder/plugins/mcufinder//mcu/cs/
2024-12-16 17:32:48,769 [INFO] ApplicationProperties:184 - Using Application install path: /Applications/STM32CubeIDE.app/Contents/Eclipse/plugins/com.st.stm32cube.common.mx_6.13.0.202411220809
2024-12-16 17:32:48,770 [INFO] PluginManage:196 - Search for loadable plugins [exclusion list=, ]
2024-12-16 17:32:48,771 [INFO] PluginManage:310 - Check plugin analytics
2024-12-16 17:32:48,952 [INFO] AnalyticsPlugin:253 - Accepted Software Licenses: 
2024-12-16 17:32:48,952 [INFO] AnalyticsPlugin:255 - Accepted CMSIS Pack Licenses: 
2024-12-16 17:32:48,952 [INFO] AnalyticsPlugin:257 - Accepted Firmware Licenses: FW.L4.1.18.0
2024-12-16 17:32:48,956 [INFO] PluginManage:359 - Loaded plugin analytics (category:tool,tabindex:-1)
2024-12-16 17:32:48,957 [INFO] PluginManage:310 - Check plugin cadmodel
2024-12-16 17:32:48,971 [INFO] CADModel:105 - Init CAD model plugin
2024-12-16 17:32:48,971 [INFO] PluginManage:359 - Loaded plugin cadmodel (category:power,tabindex:5)
2024-12-16 17:32:48,971 [INFO] PluginManage:310 - Check plugin clock
2024-12-16 17:32:48,982 [INFO] PluginManage:359 - Loaded plugin clock (category:base,tabindex:2)
2024-12-16 17:32:48,982 [INFO] PluginManage:310 - Check plugin ddr
2024-12-16 17:32:48,984 [INFO] PluginManage:359 - Loaded plugin ddr (category:tool,tabindex:6)
2024-12-16 17:32:48,984 [INFO] PluginManage:310 - Check plugin filemanager
2024-12-16 17:32:49,125 [INFO] PluginManage:359 - Loaded plugin filemanager (category:base,tabindex:10)
2024-12-16 17:32:49,125 [INFO] PluginManage:310 - Check plugin ipmanager
2024-12-16 17:32:49,133 [INFO] PluginManage:359 - Loaded plugin ipmanager (category:base,tabindex:5)
2024-12-16 17:32:49,133 [INFO] PluginManage:310 - Check plugin lpbam
2024-12-16 17:32:49,141 [INFO] PluginManage:359 - Loaded plugin lpbam (category:base,tabindex:0)
2024-12-16 17:32:49,141 [INFO] PluginManage:310 - Check plugin memorymap
2024-12-16 17:32:49,148 [INFO] PluginManage:359 - Loaded plugin memorymap (category:base,tabindex:4)
2024-12-16 17:32:49,148 [INFO] PluginManage:310 - Check plugin pinoutandconfiguration
2024-12-16 17:32:49,153 [INFO] PluginManage:359 - Loaded plugin pinoutandconfiguration (category:base,tabindex:1)
2024-12-16 17:32:49,153 [INFO] PluginManage:310 - Check plugin pinoutconfig
2024-12-16 17:32:49,232 [WARN] SupportedApi:132 - Cannot load RTOS API schema: s4s-elt-must-match.1: The content of 'definitions' must match (annotation?, (simpleType | complexType)?, (unique | key | keyref)*)). A problem was found starting at: attribute.
2024-12-16 17:32:49,369 [INFO] PluginManage:359 - Loaded plugin pinoutconfig (category:base,tabindex:0)
2024-12-16 17:32:49,369 [INFO] PluginManage:310 - Check plugin power
2024-12-16 17:32:49,389 [INFO] PluginManage:359 - Loaded plugin power (category:power,tabindex:4)
2024-12-16 17:32:49,389 [INFO] PluginManage:310 - Check plugin projectmanager
2024-12-16 17:32:49,417 [INFO] PluginManage:359 - Loaded plugin projectmanager (category:projectmanager,tabindex:4)
2024-12-16 17:32:49,417 [INFO] PluginManage:310 - Check plugin rif
2024-12-16 17:32:49,422 [INFO] PluginManage:359 - Loaded plugin rif (category:base,tabindex:3)
2024-12-16 17:32:49,422 [INFO] PluginManage:310 - Check plugin thirdparty
2024-12-16 17:32:49,562 [INFO] PluginManage:359 - Loaded plugin thirdparty (category:base,tabindex:-1)
2024-12-16 17:32:49,563 [INFO] PluginManage:310 - Check plugin tools
2024-12-16 17:32:49,562 [WARN] IntegrityCheckThread:84 - waiting for thirdparty lock release [integrity check]
2024-12-16 17:32:49,563 [INFO] IntegrityCheckThread:86 - entering critical section [integrity check]
2024-12-16 17:32:49,564 [INFO] ThirdPartyUpdaterWithRetryManager:70 - Updater plugin not ready yet. [1/15]
2024-12-16 17:32:49,567 [INFO] PluginManage:359 - Loaded plugin tools (category:base,tabindex:7)
2024-12-16 17:32:49,567 [INFO] PluginManage:310 - Check plugin tutovideos
2024-12-16 17:32:49,715 [INFO] PluginManage:359 - Loaded plugin tutovideos (category:base,tabindex:-1)
2024-12-16 17:32:49,715 [INFO] PluginManage:310 - Check plugin updater
2024-12-16 17:32:49,740 [INFO] PluginManage:359 - Loaded plugin updater (category:base,tabindex:12)
2024-12-16 17:32:49,740 [INFO] PluginManage:310 - Check plugin userauth
2024-12-16 17:32:49,745 [INFO] UserAuth:118 - Init User Auth plugin
2024-12-16 17:32:49,749 [INFO] PluginManage:359 - Loaded plugin userauth (category:base,tabindex:14)
2024-12-16 17:32:49,749 [INFO] PluginManage:283 - PluginManage : Loaded plugins [18]
2024-12-16 17:32:49,967 [INFO] PinOutPanel:1589 - setPackage(No Configuration,No Configuration)
2024-12-16 17:32:50,039 [INFO] CADModel:165 - CPN selected for project level
2024-12-16 17:32:50,039 [INFO] CADModel:114 - Register for checkConnection events
2024-12-16 17:32:50,049 [INFO] IPUIPlugin:80 - create IPUIPlugin
2024-12-16 17:32:50,050 [INFO] PluginManager:220 - loadIPPluginJar : add mdma
2024-12-16 17:32:50,056 [INFO] IPUIPlugin:80 - create IPUIPlugin
2024-12-16 17:32:50,056 [INFO] PluginManager:220 - loadIPPluginJar : add freertos
2024-12-16 17:32:50,059 [INFO] IPUIPlugin:80 - create IPUIPlugin
2024-12-16 17:32:50,059 [INFO] PluginManager:220 - loadIPPluginJar : add gic
2024-12-16 17:32:50,066 [INFO] IPUIPlugin:80 - create IPUIPlugin
2024-12-16 17:32:50,066 [INFO] PluginManager:220 - loadIPPluginJar : add adc
2024-12-16 17:32:50,068 [INFO] IPUIPlugin:80 - create IPUIPlugin
2024-12-16 17:32:50,068 [INFO] PluginManager:220 - loadIPPluginJar : add gtzc
2024-12-16 17:32:50,068 [INFO] IPUIPlugin:80 - create IPUIPlugin
2024-12-16 17:32:50,068 [INFO] PluginManager:220 - loadIPPluginJar : add quadspi
2024-12-16 17:32:50,069 [INFO] IPUIPlugin:80 - create IPUIPlugin
2024-12-16 17:32:50,069 [INFO] PluginManager:220 - loadIPPluginJar : add aes
2024-12-16 17:32:50,071 [INFO] IPUIPlugin:80 - create IPUIPlugin
2024-12-16 17:32:50,071 [INFO] PluginManager:220 - loadIPPluginJar : add pdm2pcm
2024-12-16 17:32:50,072 [INFO] IPUIPlugin:80 - create IPUIPlugin
2024-12-16 17:32:50,072 [INFO] PluginManager:220 - loadIPPluginJar : add hash
2024-12-16 17:32:50,073 [INFO] IPUIPlugin:80 - create IPUIPlugin
2024-12-16 17:32:50,073 [INFO] PluginManager:220 - loadIPPluginJar : add tim
2024-12-16 17:32:50,073 [INFO] IPUIPlugin:80 - create IPUIPlugin
2024-12-16 17:32:50,073 [INFO] PluginManager:220 - loadIPPluginJar : add tsc
2024-12-16 17:32:50,075 [INFO] IPUIPlugin:80 - create IPUIPlugin
2024-12-16 17:32:50,076 [INFO] PluginManager:220 - loadIPPluginJar : add extmemmanager
2024-12-16 17:32:50,077 [INFO] IPUIPlugin:80 - create IPUIPlugin
2024-12-16 17:32:50,077 [INFO] PluginManager:220 - loadIPPluginJar : add ts
2024-12-16 17:32:50,077 [INFO] IPUIPlugin:80 - create IPUIPlugin
2024-12-16 17:32:50,078 [INFO] PluginManager:220 - loadIPPluginJar : add radio
2024-12-16 17:32:50,079 [INFO] IPUIPlugin:80 - create IPUIPlugin
2024-12-16 17:32:50,079 [INFO] PluginManager:220 - loadIPPluginJar : add can
2024-12-16 17:32:50,080 [INFO] IPUIPlugin:80 - create IPUIPlugin
2024-12-16 17:32:50,080 [INFO] PluginManager:220 - loadIPPluginJar : add dma3
2024-12-16 17:32:50,081 [INFO] IPUIPlugin:80 - create IPUIPlugin
2024-12-16 17:32:50,081 [INFO] PluginManager:220 - loadIPPluginJar : add dfsdm
2024-12-16 17:32:50,082 [INFO] IPUIPlugin:80 - create IPUIPlugin
2024-12-16 17:32:50,082 [INFO] PluginManager:220 - loadIPPluginJar : add spi
2024-12-16 17:32:50,083 [INFO] IPUIPlugin:80 - create IPUIPlugin
2024-12-16 17:32:50,083 [INFO] PluginManager:220 - loadIPPluginJar : add gfxmmu
2024-12-16 17:32:50,084 [INFO] IPUIPlugin:80 - create IPUIPlugin
2024-12-16 17:32:50,084 [INFO] PluginManager:220 - loadIPPluginJar : add genericplugin
2024-12-16 17:32:50,085 [INFO] IPUIPlugin:80 - create IPUIPlugin
2024-12-16 17:32:50,085 [INFO] PluginManager:220 - loadIPPluginJar : add cryp
2024-12-16 17:32:50,087 [INFO] IPUIPlugin:80 - create IPUIPlugin
2024-12-16 17:32:50,087 [INFO] PluginManager:220 - loadIPPluginJar : add gpio
2024-12-16 17:32:50,089 [INFO] IPUIPlugin:80 - create IPUIPlugin
2024-12-16 17:32:50,089 [INFO] PluginManager:220 - loadIPPluginJar : add ddr_ctrl_phy
2024-12-16 17:32:50,090 [INFO] IPUIPlugin:80 - create IPUIPlugin
2024-12-16 17:32:50,090 [INFO] PluginManager:220 - loadIPPluginJar : add comp
2024-12-16 17:32:50,091 [INFO] IPUIPlugin:80 - create IPUIPlugin
2024-12-16 17:32:50,092 [INFO] PluginManager:220 - loadIPPluginJar : add tracer_emb
2024-12-16 17:32:50,093 [INFO] IPUIPlugin:80 - create IPUIPlugin
2024-12-16 17:32:50,093 [INFO] PluginManager:220 - loadIPPluginJar : add openamp
2024-12-16 17:32:50,096 [INFO] IPUIPlugin:80 - create IPUIPlugin
2024-12-16 17:32:50,096 [INFO] PluginManager:220 - loadIPPluginJar : add stm32_wpan
2024-12-16 17:32:50,100 [INFO] IPUIPlugin:80 - create IPUIPlugin
2024-12-16 17:32:50,102 [INFO] PluginManager:220 - loadIPPluginJar : add plateformsettings
2024-12-16 17:32:50,104 [INFO] IPUIPlugin:80 - create IPUIPlugin
2024-12-16 17:32:50,104 [INFO] PluginManager:220 - loadIPPluginJar : add ipddr
2024-12-16 17:32:50,106 [INFO] IPUIPlugin:80 - create IPUIPlugin
2024-12-16 17:32:50,106 [INFO] PluginManager:220 - loadIPPluginJar : add usart
2024-12-16 17:32:50,107 [INFO] IPUIPlugin:80 - create IPUIPlugin
2024-12-16 17:32:50,107 [INFO] PluginManager:220 - loadIPPluginJar : add ltdc
2024-12-16 17:32:50,108 [INFO] IPUIPlugin:80 - create IPUIPlugin
2024-12-16 17:32:50,109 [INFO] PluginManager:220 - loadIPPluginJar : add nvic
2024-12-16 17:32:50,109 [INFO] IPUIPlugin:80 - create IPUIPlugin
2024-12-16 17:32:50,109 [INFO] PluginManager:220 - loadIPPluginJar : add fatfs
2024-12-16 17:32:50,113 [INFO] IPUIPlugin:80 - create IPUIPlugin
2024-12-16 17:32:50,114 [INFO] PluginManager:220 - loadIPPluginJar : add linkedlist
2024-12-16 17:32:50,117 [INFO] IPUIPlugin:80 - create IPUIPlugin
2024-12-16 17:32:50,117 [INFO] PluginManager:220 - loadIPPluginJar : add dma
2024-12-16 17:32:50,119 [INFO] IPUIPlugin:80 - create IPUIPlugin
2024-12-16 17:32:50,119 [INFO] PluginManager:220 - loadIPPluginJar : add fmc
2024-12-16 17:32:50,120 [INFO] IPUIPlugin:80 - create IPUIPlugin
2024-12-16 17:32:50,120 [INFO] PluginManager:220 - loadIPPluginJar : add i2s
2024-12-16 17:32:50,121 [INFO] IPUIPlugin:80 - create IPUIPlugin
2024-12-16 17:32:50,121 [INFO] PluginManager:220 - loadIPPluginJar : add ucpd
2024-12-16 17:32:50,122 [INFO] IPUIPlugin:80 - create IPUIPlugin
2024-12-16 17:32:50,122 [INFO] PluginManager:220 - loadIPPluginJar : add lorawan
2024-12-16 17:32:50,124 [INFO] IPUIPlugin:80 - create IPUIPlugin
2024-12-16 17:32:50,124 [INFO] PluginManager:220 - loadIPPluginJar : add opamp
2024-12-16 17:32:50,126 [INFO] IPUIPlugin:80 - create IPUIPlugin
2024-12-16 17:32:50,127 [INFO] PluginManager:220 - loadIPPluginJar : add i3c
2024-12-16 17:32:50,128 [INFO] IPUIPlugin:80 - create IPUIPlugin
2024-12-16 17:32:50,129 [INFO] PluginManager:220 - loadIPPluginJar : add touchsensing
2024-12-16 17:32:50,130 [INFO] IPUIPlugin:80 - create IPUIPlugin
2024-12-16 17:32:50,130 [INFO] PluginManager:220 - loadIPPluginJar : add i2c
2024-12-16 17:32:50,132 [INFO] IPUIPlugin:80 - create IPUIPlugin
2024-12-16 17:32:50,132 [INFO] PluginManager:220 - loadIPPluginJar : add resmgrutility
2024-12-16 17:32:50,133 [INFO] IPUIPlugin:80 - create IPUIPlugin
2024-12-16 17:32:50,133 [INFO] PluginManager:220 - loadIPPluginJar : add sai
2024-12-16 17:32:50,135 [INFO] IPUIPlugin:80 - create IPUIPlugin
2024-12-16 17:32:50,135 [INFO] PluginManager:220 - loadIPPluginJar : add usbx
2024-12-16 17:32:50,244 [FATAL] Updater:351 - Updater called before beeing initialized
2024-12-16 17:32:50,294 [INFO] RulesReader:64 - Compatibility file has been processed (297 Rules)
2024-12-16 17:32:50,310 [INFO] RulesReader:64 - Compatibility file has been processed (297 Rules)
2024-12-16 17:32:50,320 [INFO] CADModel:165 - CPN selected for project level
2024-12-16 17:32:50,320 [INFO] CADModel:114 - Register for checkConnection events
2024-12-16 17:32:50,320 [FATAL] Updater:351 - Updater called before beeing initialized
2024-12-16 17:32:50,320 [ERROR] CADModel:125 - Updater not yet initialized, retry later 
2024-12-16 17:32:50,898 [FATAL] Updater:351 - Updater called before beeing initialized
2024-12-16 17:32:50,910 [INFO] CADModel:165 - CPN selected for project level
2024-12-16 17:32:50,911 [INFO] CADModel:114 - Register for checkConnection events
2024-12-16 17:32:50,911 [FATAL] Updater:351 - Updater called before beeing initialized
2024-12-16 17:32:50,911 [ERROR] CADModel:125 - Updater not yet initialized, retry later 
2024-12-16 17:32:50,919 [FATAL] Updater:351 - Updater called before beeing initialized
2024-12-16 17:32:51,190 [FATAL] Updater:351 - Updater called before beeing initialized
2024-12-16 17:32:51,203 [INFO] DbMcusAds:53 - JSON generation date=Fri Sep 20 15:04:23 CEST 2024 (1726837463113)
2024-12-16 17:32:51,204 [FATAL] Updater:351 - Updater called before beeing initialized
2024-12-16 17:32:51,269 [WARN] DetailPanel:346 - Failed to get advertising image, set to default
2024-12-16 17:32:51,463 [FATAL] Updater:351 - Updater called before beeing initialized
2024-12-16 17:32:51,465 [FATAL] Updater:351 - Updater called before beeing initialized
2024-12-16 17:32:51,466 [FATAL] Updater:351 - Updater called before beeing initialized
2024-12-16 17:32:51,466 [WARN] DetailPanel:346 - Failed to get advertising image, set to default
2024-12-16 17:32:51,466 [FATAL] Updater:351 - Updater called before beeing initialized
2024-12-16 17:32:51,538 [ERROR] Updater:1198 - MainUpdater not yet initialized. External WinMGr cannot be set.
2024-12-16 17:32:51,553 [INFO] Updater:1134 - Updater Version found : 6.13.0
2024-12-16 17:32:51,570 [INFO] ApplicationProperties:184 - Using Application install path: /Applications/STM32CubeIDE.app/Contents/Eclipse/plugins/com.st.stm32cube.common.mx_6.13.0.202411220809
2024-12-16 17:32:51,917 [INFO] MainUpdater:2872 - connection check result : 10
2024-12-16 17:32:51,918 [INFO] MainUpdater:289 - Updater Check For Update Now.
2024-12-16 17:32:51,918 [INFO] MicroXplorer:498 - Change Database Version : DB.6.0.130
2024-12-16 17:32:51,922 [INFO] McuFinderGlobals:63 - Set McuFinder mode to 2 (CubeIDE integrated)
2024-12-16 17:32:51,924 [INFO] UserAuth:486 - Internet connection configuration mode: 1
2024-12-16 17:32:51,937 [INFO] JxBrowserEngine:152 - Initiate JxBrowser Engine with user profile folder
2024-12-16 17:32:52,155 [INFO] CheckServerUpdateThread:120 - End of CheckServer Thread
2024-12-16 17:32:52,712 [WARN] PackLoader:240 - Cannot read IP mode file for STMicroelectronics.FP-SNS-MOTENVWB1.1.4.0
2024-12-16 17:32:52,749 [WARN] PackLoader:240 - Cannot read IP mode file for STMicroelectronics.FP-ATR-ASTRA1.2.0.1
2024-12-16 17:32:52,776 [WARN] PackLoader:240 - Cannot read IP mode file for STMicroelectronics.X-CUBE-SMBUS.2.1.0
2024-12-16 17:32:52,796 [WARN] PackLoader:240 - Cannot read IP mode file for STMicroelectronics.X-CUBE-WB05N.1.1.0
2024-12-16 17:32:52,856 [WARN] PackLoader:240 - Cannot read IP mode file for STMicroelectronics.X-CUBE-AZRTOS-F7.1.1.0
2024-12-16 17:32:52,885 [WARN] PackLoader:240 - Cannot read IP mode file for STMicroelectronics.FP-SNS-FLIGHT1.5.0.2
2024-12-16 17:32:52,934 [WARN] PackLoader:240 - Cannot read IP mode file for Infineon.AIROC-Wi-Fi-Bluetooth-STM32.1.7.0
2024-12-16 17:32:52,974 [WARN] PackLoader:240 - Cannot read IP mode file for STMicroelectronics.X-CUBE-DISPLAY.3.0.0
2024-12-16 17:32:53,003 [WARN] PackLoader:240 - Cannot read IP mode file for STMicroelectronics.X-CUBE-BLE1.7.0.0
2024-12-16 17:32:53,020 [WARN] PackLoader:240 - Cannot read IP mode file for STMicroelectronics.X-CUBE-BLEMGR.4.0.0
2024-12-16 17:32:53,040 [WARN] PackLoader:240 - Cannot read IP mode file for emotas.I-CUBE-CANOPEN.1.3.0
2024-12-16 17:32:53,076 [WARN] PackLoader:240 - Cannot read IP mode file for STMicroelectronics.X-CUBE-BLEMGR.3.1.0
2024-12-16 17:32:53,091 [WARN] PackLoader:240 - Cannot read IP mode file for STMicroelectronics.FP-SNS-SMARTAG2.1.2.0
2024-12-16 17:32:53,108 [INFO] LogOutputStream:77 - [STDOUT_REDIRECT] 1 : Invalid condition id : UX_CORESTACK_Condition cause : null
2024-12-16 17:32:53,109 [INFO] LogOutputStream:77 - [STDOUT_REDIRECT] 1 : Invalid condition id : UX_CORESTACK_Condition cause : null
2024-12-16 17:32:53,109 [INFO] LogOutputStream:77 - [STDOUT_REDIRECT] 1 : Invalid condition id : UX_CORESTACK_Condition cause : null
2024-12-16 17:32:53,111 [INFO] LogOutputStream:77 - [STDOUT_REDIRECT] 1 : Invalid condition id : UX_CORESTACK_Condition cause : null
2024-12-16 17:32:53,111 [INFO] LogOutputStream:77 - [STDOUT_REDIRECT] 1 : Invalid condition id : UX_CORESTACK_Condition cause : null
2024-12-16 17:32:53,119 [WARN] PackLoader:240 - Cannot read IP mode file for STMicroelectronics.X-CUBE-AZRTOS-WL.2.0.0
2024-12-16 17:32:53,126 [WARN] PackLoader:240 - Cannot read IP mode file for STMicroelectronics.FP-SNS-MOTENV1.5.0.0
2024-12-16 17:32:53,129 [WARN] PackLoader:240 - Cannot read IP mode file for wolfSSL.I-CUBE-wolfMQTT.1.19.0
2024-12-16 17:32:53,135 [WARN] PackLoader:240 - Cannot read IP mode file for WES.I-CUBE-Cesium.1.3.0
2024-12-16 17:32:53,145 [WARN] PackLoader:240 - Cannot read IP mode file for STMicroelectronics.X-CUBE-BLE2.3.3.0
2024-12-16 17:32:53,150 [WARN] PackLoader:240 - Cannot read IP mode file for STMicroelectronics.X-CUBE-TCPP.4.1.0
2024-12-16 17:32:53,179 [WARN] PackLoader:240 - Cannot read IP mode file for STMicroelectronics.X-CUBE-AZRTOS-G0.1.1.0
2024-12-16 17:32:53,199 [WARN] PackLoader:240 - Cannot read IP mode file for STMicroelectronics.X-CUBE-SAFEA1.1.2.2
2024-12-16 17:32:53,207 [WARN] PackLoader:240 - Cannot read IP mode file for STMicroelectronics.X-CUBE-NFC4.3.0.0
2024-12-16 17:32:53,226 [WARN] PackLoader:240 - Cannot read IP mode file for EmbeddedOffice.I-CUBE-FS-RTOS.1.0.1
2024-12-16 17:32:53,231 [WARN] PackLoader:240 - Cannot read IP mode file for STMicroelectronics.X-CUBE-TCPP.4.2.0
2024-12-16 17:32:53,237 [WARN] PackLoader:240 - Cannot read IP mode file for RealThread.X-CUBE-RT-Thread_Nano.4.1.1
2024-12-16 17:32:53,241 [WARN] PackLoader:240 - Cannot read IP mode file for STMicroelectronics.FP-ATR-SIGFOX1.3.2.0
2024-12-16 17:32:53,245 [WARN] ConditionMgr:438 - getConditionDescription Invalid condition id : Cortex-A Device cause : null
2024-12-16 17:32:53,260 [WARN] ConditionMgr:1044 - genDependencies : Invalid condition id : Cortex-A Device cause : null
2024-12-16 17:32:53,261 [WARN] ConditionMgr:1044 - genDependencies : Invalid condition id : Cortex-A Device cause : null
2024-12-16 17:32:53,261 [WARN] ConditionMgr:1044 - genDependencies : Invalid condition id : Cortex-A Device cause : null
2024-12-16 17:32:53,267 [WARN] PackLoader:240 - Cannot read IP mode file for STMicroelectronics.X-CUBE-EEPRMA1.5.1.0
2024-12-16 17:32:53,275 [WARN] PackLoader:240 - Cannot read IP mode file for wolfSSL.I-CUBE-wolfSSL.5.7.4
2024-12-16 17:32:53,280 [WARN] PackLoader:240 - Cannot read IP mode file for ITTIA_DB.I-CUBE-ITTIADB.8.9.0
2024-12-16 17:32:53,335 [WARN] PackLoader:240 - Cannot read IP mode file for SEGGER.I-CUBE-embOS.1.3.1
2024-12-16 17:32:53,377 [WARN] PackLoader:240 - Cannot read IP mode file for STMicroelectronics.X-CUBE-ALGOBUILD.1.4.0
2024-12-16 17:32:53,401 [WARN] PackLoader:240 - Cannot read IP mode file for STMicroelectronics.X-CUBE-AZRTOS-F4.1.1.0
2024-12-16 17:32:53,415 [WARN] PackLoader:240 - Cannot read IP mode file for STMicroelectronics.X-CUBE-FREERTOS.1.2.0
2024-12-16 17:32:53,433 [WARN] PackLoader:240 - Cannot read IP mode file for STMicroelectronics.X-CUBE-AZRTOS-L5.2.0.0
2024-12-16 17:32:53,446 [WARN] PackLoader:240 - Cannot read IP mode file for STMicroelectronics.X-CUBE-NFC6.3.1.0
2024-12-16 17:32:53,458 [WARN] PackLoader:240 - Cannot read IP mode file for STMicroelectronics.X-CUBE-FREERTOS.1.3.0
2024-12-16 17:32:53,464 [WARN] PackLoader:240 - Cannot read IP mode file for STMicroelectronics.X-CUBE-NFC7.1.0.1
2024-12-16 17:32:53,485 [WARN] ConditionMgr:438 - getConditionDescription Invalid condition id : LAN8742 Phy interface Condition cause : null
2024-12-16 17:32:53,486 [WARN] PackLoader:240 - Cannot read IP mode file for STMicroelectronics.X-CUBE-AZRTOS-L4.2.0.0
2024-12-16 17:32:53,488 [WARN] ConditionMgr:1044 - genDependencies : Invalid condition id : LAN8742 Phy interface Condition cause : null
2024-12-16 17:32:53,489 [WARN] ConditionMgr:1044 - genDependencies : Invalid condition id : LAN8742 Phy interface Condition cause : null
2024-12-16 17:32:53,490 [WARN] ConditionMgr:1044 - genDependencies : Invalid condition id : LAN8742 Phy interface Condition cause : null
2024-12-16 17:32:53,497 [WARN] PackLoader:240 - Cannot read IP mode file for STMicroelectronics.X-CUBE-SFXS2LP1.4.0.0
2024-12-16 17:32:53,520 [WARN] PackLoader:240 - Cannot read IP mode file for STMicroelectronics.X-CUBE-AZRTOS-H7.3.3.0
2024-12-16 17:32:53,534 [WARN] ConditionMgr:438 - getConditionDescription Invalid condition id : UX DEVICE CLASS RTOS Condition cause : null
2024-12-16 17:32:53,534 [WARN] ConditionMgr:438 - getConditionDescription Invalid condition id : UX DEVICE CLASS RTOS Condition cause : null
2024-12-16 17:32:53,538 [WARN] PackLoader:240 - Cannot read IP mode file for STMicroelectronics.X-CUBE-AZRTOS-WB.2.0.0
2024-12-16 17:32:53,539 [WARN] ConditionMgr:1044 - genDependencies : Invalid condition id : UX DEVICE CLASS RTOS Condition cause : null
2024-12-16 17:32:53,540 [WARN] ConditionMgr:1044 - genDependencies : Invalid condition id : UX DEVICE CLASS RTOS Condition cause : null
2024-12-16 17:32:53,541 [WARN] ConditionMgr:1044 - genDependencies : Invalid condition id : UX DEVICE CLASS RTOS Condition cause : null
2024-12-16 17:32:53,542 [WARN] ConditionMgr:1044 - genDependencies : Invalid condition id : UX DEVICE CLASS RTOS Condition cause : null
2024-12-16 17:32:53,542 [WARN] ConditionMgr:1044 - genDependencies : Invalid condition id : UX DEVICE CLASS RTOS Condition cause : null
2024-12-16 17:32:53,553 [WARN] PackLoader:240 - Cannot read IP mode file for STMicroelectronics.X-CUBE-SUBG2.5.0.0
2024-12-16 17:32:53,564 [WARN] PackLoader:240 - Cannot read IP mode file for Cesanta.I-CUBE-Mongoose.7.13.0
2024-12-16 17:32:53,581 [WARN] PackLoader:240 - Cannot read IP mode file for STMicroelectronics.X-CUBE-AZRTOS-G4.2.0.0
2024-12-16 17:32:53,589 [WARN] PackLoader:240 - Cannot read IP mode file for STMicroelectronics.X-CUBE-ALS.1.0.2
2024-12-16 17:32:53,594 [WARN] PackLoader:240 - Cannot read IP mode file for wolfSSL.I-CUBE-wolfTPM.3.4.0
2024-12-16 17:32:53,599 [WARN] PackLoader:240 - Cannot read IP mode file for portGmbH.I-Cube-SoM-uGOAL.1.1.0
2024-12-16 17:32:53,619 [WARN] PackLoader:240 - Cannot read IP mode file for STMicroelectronics.X-CUBE-AZRTOS-H7RS.1.0.0
2024-12-16 17:32:53,914 [WARN] PackLoader:240 - Cannot read IP mode file for STMicroelectronics.FP-ATR-ASTRA1.2.0.0
2024-12-16 17:32:54,067 [WARN] PackLoader:240 - Cannot read IP mode file for wolfSSL.I-CUBE-wolfSSH.1.4.17
2024-12-16 17:32:54,097 [INFO] ThirdParty:978 - Integrity check success = true
2024-12-16 17:32:54,098 [INFO] IntegrityCheckThread:100 - exiting critical section [integrity check]
2024-12-16 17:32:54,098 [INFO] IntegrityCheckThread:103 - End integrity checks thread
2024-12-16 17:32:56,609 [INFO] WebApp:168 - Instantiating new browser for Auth
2024-12-16 17:32:58,094 [INFO] WebApp:449 - Apply proxy settings
2024-12-16 17:32:58,128 [INFO] WebApp:494 - Chromium authenticates against Manually configured proxy
2024-12-16 17:32:58,152 [INFO] WebApp:502 - Username used for proxy authentication: 
2024-12-16 17:32:58,236 [INFO] WebApp:880 - Register for checkConnection events
2024-12-16 17:32:58,253 [INFO] WebApp:449 - Apply proxy settings
2024-12-16 17:32:58,256 [INFO] WebApp:494 - Chromium authenticates against Manually configured proxy
2024-12-16 17:32:58,270 [INFO] WebApp:502 - Username used for proxy authentication: 
2024-12-16 17:32:58,428 [INFO] WebApp:221 - Starting web application
2024-12-16 17:32:58,432 [INFO] WebApp:579 - Web application path used /Applications/STM32CubeIDE.app/Contents/Eclipse/plugins/com.st.stm32cube.common.mx_6.13.0.202411220809/db/plugins/mcufinder/reactClient1/index.html
2024-12-16 17:32:58,917 [INFO] WebApp:187 - Connection restablished
2024-12-16 17:32:59,089 [INFO] UserAuth:486 - Internet connection configuration mode: 1
